01:48:32 **** Incremental Build of configuration Debug for project HKPD ****
make all 
Building file: ../HKPD_Program.c
Invoking: AVR Compiler
avr-gcc -Wall -g2 -gstabs -O0 -fpack-struct -fshort-enums -ffunction-sections -fdata-sections -std=gnu99 -funsigned-char -funsigned-bitfields -mmcu=atmega32 -DF_CPU=8000000UL -MMD -MP -MF"HKPD_Program.d" -MT"HKPD_Program.o" -c -o "HKPD_Program.o" "../HKPD_Program.c"
In file included from ../HKPD_Program.c:3:
e:/embedded coure/sdk/imt_sdk_win_64/winavr/lib/gcc/../../avr/include/avr/delay.h:36:2: warning: #warning "This file has been moved to <util/delay.h>."
In file included from e:/embedded coure/sdk/imt_sdk_win_64/winavr/lib/gcc/../../avr/include/avr/delay.h:37,
                 from ../HKPD_Program.c:3:
e:/embedded coure/sdk/imt_sdk_win_64/winavr/lib/gcc/../../avr/include/util/delay.h:90:3: warning: #warning "Compiler optimizations disabled; functions from <util/delay.h> won't work as designed"
Finished building: ../HKPD_Program.c
 
Building file: ../HLCD_Program.c
Invoking: AVR Compiler
avr-gcc -Wall -g2 -gstabs -O0 -fpack-struct -fshort-enums -ffunction-sections -fdata-sections -std=gnu99 -funsigned-char -funsigned-bitfields -mmcu=atmega32 -DF_CPU=8000000UL -MMD -MP -MF"HLCD_Program.d" -MT"HLCD_Program.o" -c -o "HLCD_Program.o" "../HLCD_Program.c"
In file included from ../HLCD_Program.c:3:
e:/embedded coure/sdk/imt_sdk_win_64/winavr/lib/gcc/../../avr/include/avr/delay.h:36:2: warning: #warning "This file has been moved to <util/delay.h>."
In file included from e:/embedded coure/sdk/imt_sdk_win_64/winavr/lib/gcc/../../avr/include/avr/delay.h:37,
                 from ../HLCD_Program.c:3:
e:/embedded coure/sdk/imt_sdk_win_64/winavr/lib/gcc/../../avr/include/util/delay.h:90:3: warning: #warning "Compiler optimizations disabled; functions from <util/delay.h> won't work as designed"
Finished building: ../HLCD_Program.c
 
Building file: ../MDIO_Program.c
Invoking: AVR Compiler
avr-gcc -Wall -g2 -gstabs -O0 -fpack-struct -fshort-enums -ffunction-sections -fdata-sections -std=gnu99 -funsigned-char -funsigned-bitfields -mmcu=atmega32 -DF_CPU=8000000UL -MMD -MP -MF"MDIO_Program.d" -MT"MDIO_Program.o" -c -o "MDIO_Program.o" "../MDIO_Program.c"
Finished building: ../MDIO_Program.c
 
Building file: ../main.c
Invoking: AVR Compiler
avr-gcc -Wall -g2 -gstabs -O0 -fpack-struct -fshort-enums -ffunction-sections -fdata-sections -std=gnu99 -funsigned-char -funsigned-bitfields -mmcu=atmega32 -DF_CPU=8000000UL -MMD -MP -MF"main.d" -MT"main.o" -c -o "main.o" "../main.c"
../main.c:9: warning: return type of 'main' is not 'int'
Finished building: ../main.c
 
Building target: HKPD.elf
Invoking: AVR C Linker
avr-gcc -Wl,-Map,HKPD.map -mmcu=atmega32 -o "HKPD.elf"  ./HKPD_Program.o ./HLCD_Program.o ./MDIO_Program.o ./main.o   
Finished building target: HKPD.elf
 
Invoking: AVR Create Extended Listing
avr-objdump -h -S HKPD.elf  >"HKPD.lss"
Finished building: HKPD.lss
 
Invoking: Print Size
avr-size --format=avr --mcu=atmega32 HKPD.elf
AVR Memory Usage
----------------
Device: atmega32

Program:   16094 bytes (49.1% Full)
(.text + .data + .bootloader)

Data:          8 bytes (0.4% Full)
(.data + .bss + .noinit)


Finished building: sizedummy
 

01:48:34 Build Finished (took 1s.774ms)

