19:43:53 **** Incremental Build of configuration Debug for project INPUT_CAPTURE_UNIT_DRIVER ****
make all 
Building file: ../main.c
Invoking: AVR Compiler
avr-gcc -Wall -g2 -gstabs -O0 -fpack-struct -fshort-enums -ffunction-sections -fdata-sections -std=gnu99 -funsigned-char -funsigned-bitfields -mmcu=atmega32 -DF_CPU=8000000UL -MMD -MP -MF"main.d" -MT"main.o" -c -o "main.o" "../main.c"
In file included from ../main.c:10:
e:/embedded coure/sdk/imt_sdk_win_64/winavr/lib/gcc/../../avr/include/avr/delay.h:36:2: warning: #warning "This file has been moved to <util/delay.h>."
In file included from e:/embedded coure/sdk/imt_sdk_win_64/winavr/lib/gcc/../../avr/include/avr/delay.h:37,
                 from ../main.c:10:
e:/embedded coure/sdk/imt_sdk_win_64/winavr/lib/gcc/../../avr/include/util/delay.h:90:3: warning: #warning "Compiler optimizations disabled; functions from <util/delay.h> won't work as designed"
../main.c: In function 'main':
../main.c:43: warning: pointer targets in passing argument 1 of 'HLCD_VoidWriteStr' differ in signedness
../main.c:46: warning: pointer targets in passing argument 1 of 'HLCD_VoidWriteStr' differ in signedness
Finished building: ../main.c
 
Building target: INPUT_CAPTURE_UNIT_DRIVER.elf
Invoking: AVR C Linker
avr-gcc -Wl,-Map,INPUT_CAPTURE_UNIT_DRIVER.map -mmcu=atmega32 -o "INPUT_CAPTURE_UNIT_DRIVER.elf"  ./HLCD_Program.o ./MDIO_Program.o ./MEXINT_Program.o ./MTimer_Program.o ./main.o   
Finished building target: INPUT_CAPTURE_UNIT_DRIVER.elf
 
Invoking: AVR Create Extended Listing
avr-objdump -h -S INPUT_CAPTURE_UNIT_DRIVER.elf  >"INPUT_CAPTURE_UNIT_DRIVER.lss"
Finished building: INPUT_CAPTURE_UNIT_DRIVER.lss
 
Create Flash image (ihex format)
avr-objcopy -R .eeprom -R .fuse -R .lock -R .signature -O ihex INPUT_CAPTURE_UNIT_DRIVER.elf  "INPUT_CAPTURE_UNIT_DRIVER.hex"
Finished building: INPUT_CAPTURE_UNIT_DRIVER.hex
 
Invoking: Print Size
avr-size --format=avr --mcu=atmega32 INPUT_CAPTURE_UNIT_DRIVER.elf
AVR Memory Usage
----------------
Device: atmega32

Program:   15596 bytes (47.6% Full)
(.text + .data + .bootloader)

Data:        304 bytes (14.8% Full)
(.data + .bss + .noinit)


Finished building: sizedummy
 

19:43:55 Build Finished (took 1s.861ms)

