14:50:24 **** Build of configuration Debug for project LCD_LAW ****
make all 
Building file: ../HLCD_Program.c
Invoking: AVR Compiler
avr-gcc -Wall -g2 -gstabs -O0 -fpack-struct -fshort-enums -ffunction-sections -fdata-sections -std=gnu99 -funsigned-char -funsigned-bitfields -mmcu=atmega32 -DF_CPU=8000000UL -MMD -MP -MF"HLCD_Program.d" -MT"HLCD_Program.o" -c -o "HLCD_Program.o" "../HLCD_Program.c"
In file included from ../HLCD_Program.c:9:
e:/embedded coure/sdk/imt_sdk_win_64/winavr/lib/gcc/../../avr/include/avr/delay.h:36:2: warning: #warning "This file has been moved to <util/delay.h>."
In file included from e:/embedded coure/sdk/imt_sdk_win_64/winavr/lib/gcc/../../avr/include/avr/delay.h:37,
                 from ../HLCD_Program.c:9:
e:/embedded coure/sdk/imt_sdk_win_64/winavr/lib/gcc/../../avr/include/util/delay.h:90:3: warning: #warning "Compiler optimizations disabled; functions from <util/delay.h> won't work as designed"
../HLCD_Program.c: In function 'HLCD_S32Private_GetPower':
../HLCD_Program.c:253: warning: control reaches end of non-void function
Finished building: ../HLCD_Program.c
 
Building target: LCD_LAW.elf
Invoking: AVR C Linker
avr-gcc -Wl,-Map,LCD_LAW.map -mmcu=atmega32 -o "LCD_LAW.elf"  ./HLCD_Program.o ./MDIO_Program.o ./main.o   
Finished building target: LCD_LAW.elf
 
Invoking: AVR Create Extended Listing
avr-objdump -h -S LCD_LAW.elf  >"LCD_LAW.lss"
Finished building: LCD_LAW.lss
 
Create Flash image (ihex format)
avr-objcopy -R .eeprom -R .fuse -R .lock -R .signature -O ihex LCD_LAW.elf  "LCD_LAW.hex"
Finished building: LCD_LAW.hex
 
Invoking: Print Size
avr-size --format=avr --mcu=atmega32 LCD_LAW.elf
AVR Memory Usage
----------------
Device: atmega32

Program:    8762 bytes (26.7% Full)
(.text + .data + .bootloader)

Data:          8 bytes (0.4% Full)
(.data + .bss + .noinit)


Finished building: sizedummy
 

14:50:25 Build Finished (took 1s.113ms)

